<?xml version="1.0" encoding="UTF-8"?>
<testng-results ignored="0" total="1" passed="1" failed="0" skipped="0">
  <reporter-output>
  </reporter-output>
  <suite started-at="2023-01-10T15:23:01 IST" name="Suite" finished-at="2023-01-10T15:23:37 IST" duration-ms="36388">
    <groups>
    </groups>
    <test started-at="2023-01-10T15:23:01 IST" name="Test" finished-at="2023-01-10T15:23:37 IST" duration-ms="36388">
      <class name="Test1_Classes.Test1_Class">
        <test-method is-config="true" signature="openBrowser12()[pri:0, instance:Test1_Classes.Test1_Class@4c371370]" started-at="2023-01-10T15:23:01 IST" name="openBrowser12" finished-at="2023-01-10T15:23:15 IST" duration-ms="13903" status="PASS">
          <reporter-output>
          </reporter-output>
        </test-method> <!-- openBrowser12 -->
        <test-method is-config="true" signature="login12()[pri:0, instance:Test1_Classes.Test1_Class@4c371370]" started-at="2023-01-10T15:23:15 IST" name="login12" finished-at="2023-01-10T15:23:31 IST" duration-ms="15812" status="PASS">
          <reporter-output>
          </reporter-output>
        </test-method> <!-- login12 -->
        <test-method signature="verifyUsername()[pri:0, instance:Test1_Classes.Test1_Class@4c371370]" started-at="2023-01-10T15:23:31 IST" name="verifyUsername" finished-at="2023-01-10T15:23:32 IST" duration-ms="1137" status="PASS">
          <reporter-output>
          </reporter-output>
        </test-method> <!-- verifyUsername -->
        <test-method is-config="true" signature="logout12(org.testng.ITestResult)[pri:0, instance:Test1_Classes.Test1_Class@4c371370]" started-at="2023-01-10T15:23:32 IST" name="logout12" finished-at="2023-01-10T15:23:35 IST" duration-ms="3758" status="PASS">
          <params>
            <param index="0">
              <value>
                <![CDATA[[TestResult name=verifyUsername status=SUCCESS method=Test1_Class.verifyUsername()[pri:0, instance:Test1_Classes.Test1_Class@4c371370] output={null}]]]>
              </value>
            </param>
          </params>
          <reporter-output>
          </reporter-output>
        </test-method> <!-- logout12 -->
        <test-method is-config="true" signature="closeBrowser()[pri:0, instance:Test1_Classes.Test1_Class@4c371370]" started-at="2023-01-10T15:23:35 IST" name="closeBrowser" finished-at="2023-01-10T15:23:37 IST" duration-ms="1711" status="PASS">
          <reporter-output>
          </reporter-output>
        </test-method> <!-- closeBrowser -->
      </class> <!-- Test1_Classes.Test1_Class -->
    </test> <!-- Test -->
  </suite> <!-- Suite -->
</testng-results>
